2018-02-20 12:10:02,277 INFO: This is Atropos 1.1.16 with Python 3.6.2
2018-02-20 12:10:02,298 INFO: Trimming 1 adapter with at most 10.0% errors in single-end mode ...
=======
Atropos
=======

Atropos version: 1.1.16
Python version: 3.6.2
Command line parameters: trim -a TGGAATTCTCGG --untrimmed-output=/n/scratch2/hsph_bioinformatic_core/lp113/geu_example/samples/work/trimmed/ERR187490/ERR187490.fragments.fastq.gz -o /n/scratch2/hsph_bioinformatic_core/lp113/geu_example/samples/work/bcbiotx/tmpi70foY/ERR187490.clean.fastq.gz -m 17 --overlap=8 -se /n/scratch2/hsph_bioinformatic_core/lp113/geu_example/samples/work/inputs/ERR187490/ERR187490.fastq.gz --too-short-output ERR187490

Sample ID: ERR187490
Input format: FASTQ, Read 1, w/ Qualities
Input files:
  /n/scratch2/hsph_bioinformatic_core/lp113/geu_example/samples/work/inputs/ERR187490/ERR187490.fastq.gz

Start time: 2018-02-20T12:10:02.282461
Wallclock time: 249.64 s (29 us/read; 2.07 M reads/minute)
CPU time (main process): 185.56 s

--------
Trimming
--------

Reads                                    records     fraction
----------------------------------- ------------ ------------
Total reads processed:                 8,594,767
Reads with adapters:                   3,098,670        36.1%
Reads that were too short:               444,679         5.2%
Reads written (passing filters):       8,594,767       100.0%

Base pairs                                    bp     fraction
----------------------------------- ------------ ------------
Total bp processed:                  309,411,612
Total bp written (filtered):         262,473,792        84.8%

---------
Adapter 1
---------

Sequence     Type       Length Trimmed (x)
------------ ---------- ------ -----------
TGGAATTCTCGG regular 3'     12   3,098,670

No. of allowed errors:
0-9 bp: 0; 10-12 bp: 1

Bases preceding removed adapters:
  A          19.5%
  C          34.7%
  G          17.7%
  T          26.6%
  none/other  1.5%

Overview of removed sequences:
length    count expect max.err error counts
                               0      1    
------ -------- ------ ------- ------------
     8  159,638  131.1       0 159638      
     9  189,048   32.8       0 188710 338  
    10  174,189    8.2       1 172470 1719 
    11  173,256    2.0       1 171672 1584 
    12  241,881    0.5       1 239918 1963 
    13  277,136    0.5       1 274517 2619 
    14  356,628    0.5       1 353109 3519 
    15  228,751    0.5       1 226575 2176 
    16  204,233    0.5       1 202377 1856 
    17  172,201    0.5       1 170950 1251 
    18  308,470    0.5       1 306246 2224 
    19  168,560    0.5       1 167357 1203 
    20  133,117    0.5       1 132170 947  
    21   82,825    0.5       1 82225  600  
    22   78,775    0.5       1 78190  585  
    23   28,688    0.5       1 28431  257  
    24   19,251    0.5       1 19080  171  
    25   14,377    0.5       1 14220  157  
    26   18,078    0.5       1 17881  197  
    27    6,993    0.5       1 6937   56   
    28    5,097    0.5       1 5054   43   
    29    3,981    0.5       1 3939   42   
    30    2,521    0.5       1 2494   27   
    31    1,230    0.5       1 1215   15   
    32      591    0.5       1 587    4    
    33      424    0.5       1 421    3    
    34      662    0.5       1 653    9    
    35      712    0.5       1 694    18   
    36   47,357    0.5       1 46167  1190 

